<?xml version='1.0' encoding='UTF-8'?>
<testsuite hostname="MXPS-9350" name="dataentry.GasTypeSpec" tests="7" errors="0" failures="0" skipped="0" time="0.02" timestamp="2019-08-26T13:00:41">
                     <properties>
[...]
</properties>
                     <testcase classname="dataentry.GasTypeSpec" name="GasType should return the correct gas type when receiving SP95" time="0.018">
                                                 
                                               </testcase><testcase classname="dataentry.GasTypeSpec" name="GasType should return the correct gas type when receiving SP98" time="0.0">
                                                 
                                               </testcase><testcase classname="dataentry.GasTypeSpec" name="GasType should return the correct gas type when receiving Gazole" time="0.0">
                                                 
                                               </testcase><testcase classname="dataentry.GasTypeSpec" name="GasType should return the correct gas type when receiving E10" time="0.0">
                                                 
                                               </testcase><testcase classname="dataentry.GasTypeSpec" name="GasType should return the correct gas type when receiving E85" time="0.001">
                                                 
                                               </testcase><testcase classname="dataentry.GasTypeSpec" name="GasType should return the correct gas type when receiving GPLc" time="0.0">
                                                 
                                               </testcase><testcase classname="dataentry.GasTypeSpec" name="GasType should return the correct gas type when receiving incorrect value" time="0.001">
                                                 
                                               </testcase>
                     <system-out><![CDATA[]]></system-out>
                     <system-err><![CDATA[]]></system-err>
                   </testsuite>